<?xml version="1.0" encoding="UTF-8"?>
<testsuite name="Register User" tests="1" skipped="0" failures="0" errors="0" timestamp="2021-05-21T04:24:12" hostname="CHMEPPF0FNNEK" time="25.016">
  <properties/>
  <testcase name="Loguin User" classname="Register User" time="25.016"/>
  <system-out><![CDATA[]]></system-out>
  <system-err><![CDATA[may 20, 2021 11:24:12 PM org.openqa.selenium.remote.DesiredCapabilities chrome
INFORMACIÓN: Using `new ChromeOptions()` is preferred to `DesiredCapabilities.chrome()`
Starting ChromeDriver 2.35.528161 (5b82f2d2aae0ca24b877009200ced9065a772e73) on port 8682
Only local connections are allowed.
may 20, 2021 11:24:26 PM org.openqa.selenium.remote.ProtocolHandshake createSession
INFORMACIÓN: Detected dialect: OSS
[Test worker] INFO net.serenitybdd.core.Serenity - 
        __    _____ _____ ____ _____   ____   _    ____  ____  _____ ____  
  _     \ \  |_   _| ____/ ___|_   _| |  _ \ / \  / ___|/ ___|| ____|  _ \ 
 (_)_____| |   | | |  _| \___ \ | |   | |_) / _ \ \___ \\___ \|  _| | | | |
  _|_____| |   | | | |___ ___) || |   |  __/ ___ \ ___) |___) | |___| |_| |
 (_)     | |   |_| |_____|____/ |_|   |_| /_/   \_\____/|____/|_____|____/ 
        /_/                                                                

TEST PASSED: Loguin User
----------------------------------------------------------------------------
]]></system-err>
</testsuite>
